=== Parallel Backfill Daily Reports ===
From: 2026-03-02 → To: 1990-10-01
Parallelism: 4

Building pending date list (skipping existing CSVs)...
Dates to process: 19

  ✓ 2026-02-27
  ✓ 2026-02-26
  ✓ 2026-02-28
  ✓ 2026-03-01
  ✗ FAILED: 2026-02-22
  ✗ FAILED: 2026-02-23
  ✗ FAILED: 2026-02-24
[queued 10/19 | active: 3]
  ✗ FAILED: 2026-02-25
  ✓ 2026-02-19
  ✓ 2026-02-21
  ✓ 2026-02-20
  ✓ 2026-02-18
  ✓ 2026-02-14
  ✓ 2026-02-17
  ✓ 2026-02-15
  ✓ 2026-02-16

Waiting for final jobs to finish...
  ✓ 2026-02-12
  ✓ 2026-02-13
  ✓ 2026-02-11

=== Backfill Complete ===
